{"numFailedTestSuites":0,"numFailedTests":0,"numPassedTestSuites":1,"numPassedTests":6,"numPendingTestSuites":0,"numPendingTests":0,"numRuntimeErrorTestSuites":0,"numTodoTests":0,"numTotalTestSuites":1,"numTotalTests":6,"openHandles":[],"snapshot":{"added":0,"didUpdate":false,"failure":false,"filesAdded":0,"filesRemoved":0,"filesRemovedList":[],"filesUnmatched":0,"filesUpdated":0,"matched":0,"total":0,"unchecked":0,"uncheckedKeysByFile":[],"unmatched":0,"updated":0},"startTime":1753613184640,"success":true,"testResults":[{"assertionResults":[{"ancestorTitles":["GhostIntentManager"],"duration":5,"failureDetails":[],"failureMessages":[],"fullName":"GhostIntentManager addIntent saves intent correctly","invocations":1,"location":null,"numPassingAsserts":1,"retryReasons":[],"status":"passed","title":"addIntent saves intent correctly"},{"ancestorTitles":["GhostIntentManager"],"duration":2,"failureDetails":[],"failureMessages":[],"fullName":"GhostIntentManager getIntentById returns correct intent","invocations":1,"location":null,"numPassingAsserts":2,"retryReasons":[],"status":"passed","title":"getIntentById returns correct intent"},{"ancestorTitles":["GhostIntentManager"],"duration":1,"failureDetails":[],"failureMessages":[],"fullName":"GhostIntentManager removeIntentById deletes intent","invocations":1,"location":null,"numPassingAsserts":1,"retryReasons":[],"status":"passed","title":"removeIntentById deletes intent"},{"ancestorTitles":["GhostIntentManager"],"duration":6,"failureDetails":[],"failureMessages":[],"fullName":"GhostIntentManager getIntentsByType filters correctly","invocations":1,"location":null,"numPassingAsserts":2,"retryReasons":[],"status":"passed","title":"getIntentsByType filters correctly"},{"ancestorTitles":["GhostIntentManager"],"duration":1,"failureDetails":[],"failureMessages":[],"fullName":"GhostIntentManager getIntentsByPriority filters correctly","invocations":1,"location":null,"numPassingAsserts":2,"retryReasons":[],"status":"passed","title":"getIntentsByPriority filters correctly"},{"ancestorTitles":["GhostIntentManager"],"duration":2,"failureDetails":[],"failureMessages":[],"fullName":"GhostIntentManager getIntentsByUserIdPattern supports regex","invocations":1,"location":null,"numPassingAsserts":2,"retryReasons":[],"status":"passed","title":"getIntentsByUserIdPattern supports regex"}],"endTime":1753613185233,"message":"","name":"C:\\Users\\taras\\OneDrive\\Desktop\\Projects\\Apps\\Lyrae\\tests\\unit\\testGhostManager.test.js","startTime":1753613184725,"status":"passed","summary":""}],"wasInterrupted":false,"coverageMap":{"C:\\Users\\taras\\OneDrive\\Desktop\\Projects\\Apps\\Lyrae\\core\\cache\\PersistentGhostManager.js":{"path":"C:\\Users\\taras\\OneDrive\\Desktop\\Projects\\Apps\\Lyrae\\core\\cache\\PersistentGhostManager.js","statementMap":{"0":{"start":{"line":1,"column":29},"end":{"line":1,"column":62}},"1":{"start":{"line":3,"column":17},"end":{"line":3,"column":44}},"2":{"start":{"line":7,"column":2},"end":{"line":7,"column":26}},"3":{"start":{"line":8,"column":2},"end":{"line":8,"column":40}},"4":{"start":{"line":13,"column":2},"end":{"line":13,"column":18}},"5":{"start":{"line":14,"column":2},"end":{"line":14,"column":31}},"6":{"start":{"line":19,"column":2},"end":{"line":19,"column":37}},"7":{"start":{"line":24,"column":16},"end":{"line":24,"column":43}},"8":{"start":{"line":25,"column":2},"end":{"line":25,"column":48}},"9":{"start":{"line":25,"column":30},"end":{"line":25,"column":46}},"10":{"start":{"line":29,"column":2},"end":{"line":29,"column":61}},"11":{"start":{"line":29,"column":43},"end":{"line":29,"column":59}},"12":{"start":{"line":30,"column":2},"end":{"line":30,"column":40}},"13":{"start":{"line":34,"column":2},"end":{"line":34,"column":27}},"14":{"start":{"line":38,"column":2},"end":{"line":38,"column":59}},"15":{"start":{"line":38,"column":37},"end":{"line":38,"column":57}},"16":{"start":{"line":42,"column":2},"end":{"line":42,"column":67}},"17":{"start":{"line":42,"column":37},"end":{"line":42,"column":65}},"18":{"start":{"line":46,"column":2},"end":{"line":46,"column":65}},"19":{"start":{"line":46,"column":37},"end":{"line":46,"column":63}},"20":{"start":{"line":50,"column":2},"end":{"line":50,"column":71}},"21":{"start":{"line":50,"column":37},"end":{"line":50,"column":69}},"22":{"start":{"line":54,"column":2},"end":{"line":54,"column":71}},"23":{"start":{"line":54,"column":37},"end":{"line":54,"column":69}},"24":{"start":{"line":58,"column":2},"end":{"line":58,"column":71}},"25":{"start":{"line":58,"column":37},"end":{"line":58,"column":69}},"26":{"start":{"line":62,"column":2},"end":{"line":62,"column":77}},"27":{"start":{"line":62,"column":37},"end":{"line":62,"column":75}},"28":{"start":{"line":66,"column":16},"end":{"line":66,"column":35}},"29":{"start":{"line":67,"column":2},"end":{"line":67,"column":72}},"30":{"start":{"line":67,"column":37},"end":{"line":67,"column":70}},"31":{"start":{"line":71,"column":2},"end":{"line":71,"column":67}},"32":{"start":{"line":71,"column":37},"end":{"line":71,"column":65}},"33":{"start":{"line":75,"column":2},"end":{"line":75,"column":67}},"34":{"start":{"line":75,"column":37},"end":{"line":75,"column":65}},"35":{"start":{"line":79,"column":2},"end":{"line":79,"column":69}},"36":{"start":{"line":79,"column":37},"end":{"line":79,"column":67}},"37":{"start":{"line":83,"column":2},"end":{"line":83,"column":68}},"38":{"start":{"line":83,"column":37},"end":{"line":83,"column":66}},"39":{"start":{"line":87,"column":2},"end":{"line":87,"column":70}},"40":{"start":{"line":87,"column":37},"end":{"line":87,"column":68}},"41":{"start":{"line":91,"column":2},"end":{"line":91,"column":65}},"42":{"start":{"line":91,"column":37},"end":{"line":91,"column":63}},"43":{"start":{"line":94,"column":0},"end":{"line":115,"column":2}}},"fnMap":{"0":{"name":"addIntent","decl":{"start":{"line":6,"column":9},"end":{"line":6,"column":18}},"loc":{"start":{"line":6,"column":27},"end":{"line":9,"column":1}},"line":6},"1":{"name":"resetQueue","decl":{"start":{"line":12,"column":9},"end":{"line":12,"column":19}},"loc":{"start":{"line":12,"column":22},"end":{"line":15,"column":1}},"line":12},"2":{"name":"getQueue","decl":{"start":{"line":18,"column":9},"end":{"line":18,"column":17}},"loc":{"start":{"line":18,"column":20},"end":{"line":20,"column":1}},"line":18},"3":{"name":"getIntentById","decl":{"start":{"line":23,"column":9},"end":{"line":23,"column":22}},"loc":{"start":{"line":23,"column":27},"end":{"line":26,"column":1}},"line":23},"4":{"name":"(anonymous_4)","decl":{"start":{"line":25,"column":20},"end":{"line":25,"column":21}},"loc":{"start":{"line":25,"column":30},"end":{"line":25,"column":46}},"line":25},"5":{"name":"removeIntentById","decl":{"start":{"line":28,"column":9},"end":{"line":28,"column":25}},"loc":{"start":{"line":28,"column":30},"end":{"line":31,"column":1}},"line":28},"6":{"name":"(anonymous_6)","decl":{"start":{"line":29,"column":33},"end":{"line":29,"column":34}},"loc":{"start":{"line":29,"column":43},"end":{"line":29,"column":59}},"line":29},"7":{"name":"getQueueCount","decl":{"start":{"line":33,"column":9},"end":{"line":33,"column":22}},"loc":{"start":{"line":33,"column":25},"end":{"line":35,"column":1}},"line":33},"8":{"name":"getIntentsByType","decl":{"start":{"line":37,"column":9},"end":{"line":37,"column":25}},"loc":{"start":{"line":37,"column":32},"end":{"line":39,"column":1}},"line":37},"9":{"name":"(anonymous_9)","decl":{"start":{"line":38,"column":27},"end":{"line":38,"column":28}},"loc":{"start":{"line":38,"column":37},"end":{"line":38,"column":57}},"line":38},"10":{"name":"getIntentsByPriority","decl":{"start":{"line":41,"column":9},"end":{"line":41,"column":29}},"loc":{"start":{"line":41,"column":40},"end":{"line":43,"column":1}},"line":41},"11":{"name":"(anonymous_11)","decl":{"start":{"line":42,"column":27},"end":{"line":42,"column":28}},"loc":{"start":{"line":42,"column":37},"end":{"line":42,"column":65}},"line":42},"12":{"name":"getIntentsByRetries","decl":{"start":{"line":45,"column":9},"end":{"line":45,"column":28}},"loc":{"start":{"line":45,"column":38},"end":{"line":47,"column":1}},"line":45},"13":{"name":"(anonymous_13)","decl":{"start":{"line":46,"column":27},"end":{"line":46,"column":28}},"loc":{"start":{"line":46,"column":37},"end":{"line":46,"column":63}},"line":46},"14":{"name":"getIntentsByAction","decl":{"start":{"line":49,"column":9},"end":{"line":49,"column":27}},"loc":{"start":{"line":49,"column":36},"end":{"line":51,"column":1}},"line":49},"15":{"name":"(anonymous_15)","decl":{"start":{"line":50,"column":27},"end":{"line":50,"column":28}},"loc":{"start":{"line":50,"column":37},"end":{"line":50,"column":69}},"line":50},"16":{"name":"getIntentsByTarget","decl":{"start":{"line":53,"column":9},"end":{"line":53,"column":27}},"loc":{"start":{"line":53,"column":36},"end":{"line":55,"column":1}},"line":53},"17":{"name":"(anonymous_17)","decl":{"start":{"line":54,"column":27},"end":{"line":54,"column":28}},"loc":{"start":{"line":54,"column":37},"end":{"line":54,"column":69}},"line":54},"18":{"name":"getIntentsByUserId","decl":{"start":{"line":57,"column":9},"end":{"line":57,"column":27}},"loc":{"start":{"line":57,"column":36},"end":{"line":59,"column":1}},"line":57},"19":{"name":"(anonymous_19)","decl":{"start":{"line":58,"column":27},"end":{"line":58,"column":28}},"loc":{"start":{"line":58,"column":37},"end":{"line":58,"column":69}},"line":58},"20":{"name":"getIntentsByTimestamp","decl":{"start":{"line":61,"column":9},"end":{"line":61,"column":30}},"loc":{"start":{"line":61,"column":42},"end":{"line":63,"column":1}},"line":61},"21":{"name":"(anonymous_21)","decl":{"start":{"line":62,"column":27},"end":{"line":62,"column":28}},"loc":{"start":{"line":62,"column":37},"end":{"line":62,"column":75}},"line":62},"22":{"name":"getIntentsByUserIdPattern","decl":{"start":{"line":65,"column":9},"end":{"line":65,"column":34}},"loc":{"start":{"line":65,"column":44},"end":{"line":68,"column":1}},"line":65},"23":{"name":"(anonymous_23)","decl":{"start":{"line":67,"column":27},"end":{"line":67,"column":28}},"loc":{"start":{"line":67,"column":37},"end":{"line":67,"column":70}},"line":67},"24":{"name":"getIntentsByActionId","decl":{"start":{"line":70,"column":9},"end":{"line":70,"column":29}},"loc":{"start":{"line":70,"column":40},"end":{"line":72,"column":1}},"line":70},"25":{"name":"(anonymous_25)","decl":{"start":{"line":71,"column":27},"end":{"line":71,"column":28}},"loc":{"start":{"line":71,"column":37},"end":{"line":71,"column":65}},"line":71},"26":{"name":"getIntentsByTargetId","decl":{"start":{"line":74,"column":9},"end":{"line":74,"column":29}},"loc":{"start":{"line":74,"column":40},"end":{"line":76,"column":1}},"line":74},"27":{"name":"(anonymous_27)","decl":{"start":{"line":75,"column":27},"end":{"line":75,"column":28}},"loc":{"start":{"line":75,"column":37},"end":{"line":75,"column":65}},"line":75},"28":{"name":"getIntentsByPriorityId","decl":{"start":{"line":78,"column":9},"end":{"line":78,"column":31}},"loc":{"start":{"line":78,"column":44},"end":{"line":80,"column":1}},"line":78},"29":{"name":"(anonymous_29)","decl":{"start":{"line":79,"column":27},"end":{"line":79,"column":28}},"loc":{"start":{"line":79,"column":37},"end":{"line":79,"column":67}},"line":79},"30":{"name":"getIntentsByRetriesId","decl":{"start":{"line":82,"column":9},"end":{"line":82,"column":30}},"loc":{"start":{"line":82,"column":42},"end":{"line":84,"column":1}},"line":82},"31":{"name":"(anonymous_31)","decl":{"start":{"line":83,"column":27},"end":{"line":83,"column":28}},"loc":{"start":{"line":83,"column":37},"end":{"line":83,"column":66}},"line":83},"32":{"name":"getIntentsByTimestampId","decl":{"start":{"line":86,"column":9},"end":{"line":86,"column":32}},"loc":{"start":{"line":86,"column":46},"end":{"line":88,"column":1}},"line":86},"33":{"name":"(anonymous_33)","decl":{"start":{"line":87,"column":27},"end":{"line":87,"column":28}},"loc":{"start":{"line":87,"column":37},"end":{"line":87,"column":68}},"line":87},"34":{"name":"getIntentsByTypeId","decl":{"start":{"line":90,"column":9},"end":{"line":90,"column":27}},"loc":{"start":{"line":90,"column":36},"end":{"line":92,"column":1}},"line":90},"35":{"name":"(anonymous_35)","decl":{"start":{"line":91,"column":27},"end":{"line":91,"column":28}},"loc":{"start":{"line":91,"column":37},"end":{"line":91,"column":63}},"line":91}},"branchMap":{},"s":{"0":1,"1":1,"2":9,"3":9,"4":6,"5":6,"6":0,"7":2,"8":2,"9":1,"10":1,"11":1,"12":1,"13":0,"14":1,"15":2,"16":1,"17":2,"18":0,"19":0,"20":0,"21":0,"22":0,"23":0,"24":0,"25":0,"26":0,"27":0,"28":1,"29":1,"30":2,"31":0,"32":0,"33":0,"34":0,"35":0,"36":0,"37":0,"38":0,"39":0,"40":0,"41":0,"42":0,"43":1},"f":{"0":9,"1":6,"2":0,"3":2,"4":1,"5":1,"6":1,"7":0,"8":1,"9":2,"10":1,"11":2,"12":0,"13":0,"14":0,"15":0,"16":0,"17":0,"18":0,"19":0,"20":0,"21":0,"22":1,"23":2,"24":0,"25":0,"26":0,"27":0,"28":0,"29":0,"30":0,"31":0,"32":0,"33":0,"34":0,"35":0},"b":{},"_coverageSchema":"1a1c01bbd47fc00a2c39e90264f33305004495a9","hash":"1fba213905571ff78018554836dd1cbfad457ec4"},"C:\\Users\\taras\\OneDrive\\Desktop\\Projects\\Apps\\Lyrae\\core\\cache\\PersistentGhostQueue.js":{"path":"C:\\Users\\taras\\OneDrive\\Desktop\\Projects\\Apps\\Lyrae\\core\\cache\\PersistentGhostQueue.js","statementMap":{"0":{"start":{"line":1,"column":20},"end":{"line":1,"column":32}},"1":{"start":{"line":3,"column":29},"end":{"line":30,"column":1}},"2":{"start":{"line":5,"column":4},"end":{"line":10,"column":5}},"3":{"start":{"line":6,"column":25},"end":{"line":6,"column":46}},"4":{"start":{"line":7,"column":6},"end":{"line":7,"column":52}},"5":{"start":{"line":9,"column":6},"end":{"line":9,"column":52}},"6":{"start":{"line":14,"column":4},"end":{"line":20,"column":5}},"7":{"start":{"line":15,"column":25},"end":{"line":15,"column":58}},"8":{"start":{"line":16,"column":6},"end":{"line":16,"column":54}},"9":{"start":{"line":18,"column":6},"end":{"line":18,"column":52}},"10":{"start":{"line":19,"column":6},"end":{"line":19,"column":16}},"11":{"start":{"line":24,"column":4},"end":{"line":28,"column":5}},"12":{"start":{"line":25,"column":6},"end":{"line":25,"column":43}},"13":{"start":{"line":27,"column":6},"end":{"line":27,"column":53}},"14":{"start":{"line":32,"column":0},"end":{"line":32,"column":38}}},"fnMap":{"0":{"name":"(anonymous_0)","decl":{"start":{"line":4,"column":2},"end":{"line":4,"column":3}},"loc":{"start":{"line":4,"column":14},"end":{"line":11,"column":3}},"line":4},"1":{"name":"(anonymous_1)","decl":{"start":{"line":13,"column":2},"end":{"line":13,"column":3}},"loc":{"start":{"line":13,"column":9},"end":{"line":21,"column":3}},"line":13},"2":{"name":"(anonymous_2)","decl":{"start":{"line":23,"column":2},"end":{"line":23,"column":3}},"loc":{"start":{"line":23,"column":10},"end":{"line":29,"column":3}},"line":23}},"branchMap":{"0":{"loc":{"start":{"line":16,"column":13},"end":{"line":16,"column":53}},"type":"cond-expr","locations":[{"start":{"line":16,"column":26},"end":{"line":16,"column":48}},{"start":{"line":16,"column":51},"end":{"line":16,"column":53}}],"line":16}},"s":{"0":1,"1":1,"2":10,"3":10,"4":10,"5":0,"6":4,"7":4,"8":4,"9":0,"10":0,"11":6,"12":6,"13":0,"14":1},"f":{"0":10,"1":4,"2":6},"b":{"0":[3,1]},"_coverageSchema":"1a1c01bbd47fc00a2c39e90264f33305004495a9","hash":"7931eece38fd41c42181ca6950d3e08521a98f52"}}}
