{"C:\\Users\\taras\\OneDrive\\Desktop\\Projects\\Apps\\Lyrae\\core\\scheduler\\IntentScheduler.js": {"path":"C:\\Users\\taras\\OneDrive\\Desktop\\Projects\\Apps\\Lyrae\\core\\scheduler\\IntentScheduler.js","statementMap":{"0":{"start":{"line":3,"column":4},"end":{"line":3,"column":27}},"1":{"start":{"line":4,"column":4},"end":{"line":4,"column":22}},"2":{"start":{"line":5,"column":4},"end":{"line":5,"column":31}},"3":{"start":{"line":6,"column":4},"end":{"line":6,"column":25}},"4":{"start":{"line":7,"column":4},"end":{"line":7,"column":39}},"5":{"start":{"line":11,"column":27},"end":{"line":11,"column":50}},"6":{"start":{"line":13,"column":4},"end":{"line":16,"column":5}},"7":{"start":{"line":13,"column":58},"end":{"line":13,"column":80}},"8":{"start":{"line":14,"column":6},"end":{"line":14,"column":40}},"9":{"start":{"line":15,"column":6},"end":{"line":15,"column":13}},"10":{"start":{"line":18,"column":4},"end":{"line":18,"column":38}},"11":{"start":{"line":19,"column":4},"end":{"line":19,"column":57}},"12":{"start":{"line":19,"column":32},"end":{"line":19,"column":55}},"13":{"start":{"line":20,"column":4},"end":{"line":20,"column":25}},"14":{"start":{"line":24,"column":20},"end":{"line":24,"column":38}},"15":{"start":{"line":25,"column":4},"end":{"line":28,"column":5}},"16":{"start":{"line":26,"column":6},"end":{"line":26,"column":28}},"17":{"start":{"line":27,"column":6},"end":{"line":27,"column":28}},"18":{"start":{"line":30,"column":4},"end":{"line":30,"column":67}},"19":{"start":{"line":30,"column":49},"end":{"line":30,"column":65}},"20":{"start":{"line":34,"column":4},"end":{"line":56,"column":5}},"21":{"start":{"line":35,"column":21},"end":{"line":35,"column":41}},"22":{"start":{"line":36,"column":20},"end":{"line":36,"column":62}},"23":{"start":{"line":38,"column":22},"end":{"line":52,"column":13}},"24":{"start":{"line":39,"column":8},"end":{"line":39,"column":26}},"25":{"start":{"line":40,"column":8},"end":{"line":40,"column":38}},"26":{"start":{"line":41,"column":8},"end":{"line":41,"column":37}},"27":{"start":{"line":43,"column":8},"end":{"line":48,"column":9}},"28":{"start":{"line":44,"column":34},"end":{"line":46,"column":37}},"29":{"start":{"line":45,"column":12},"end":{"line":45,"column":57}},"30":{"start":{"line":47,"column":12},"end":{"line":47,"column":65}},"31":{"start":{"line":50,"column":8},"end":{"line":50,"column":27}},"32":{"start":{"line":51,"column":8},"end":{"line":51,"column":29}},"33":{"start":{"line":54,"column":6},"end":{"line":54,"column":41}},"34":{"start":{"line":55,"column":6},"end":{"line":55,"column":25}},"35":{"start":{"line":60,"column":0},"end":{"line":60,"column":37}}},"fnMap":{"0":{"name":"(anonymous_0)","decl":{"start":{"line":2,"column":2},"end":{"line":2,"column":3}},"loc":{"start":{"line":2,"column":33},"end":{"line":8,"column":3}},"line":2},"1":{"name":"(anonymous_1)","decl":{"start":{"line":10,"column":2},"end":{"line":10,"column":3}},"loc":{"start":{"line":10,"column":35},"end":{"line":21,"column":3}},"line":10},"2":{"name":"(anonymous_2)","decl":{"start":{"line":13,"column":52},"end":{"line":13,"column":53}},"loc":{"start":{"line":13,"column":58},"end":{"line":13,"column":80}},"line":13},"3":{"name":"(anonymous_3)","decl":{"start":{"line":19,"column":22},"end":{"line":19,"column":23}},"loc":{"start":{"line":19,"column":32},"end":{"line":19,"column":55}},"line":19},"4":{"name":"(anonymous_4)","decl":{"start":{"line":23,"column":2},"end":{"line":23,"column":3}},"loc":{"start":{"line":23,"column":28},"end":{"line":31,"column":3}},"line":23},"5":{"name":"(anonymous_5)","decl":{"start":{"line":30,"column":39},"end":{"line":30,"column":40}},"loc":{"start":{"line":30,"column":49},"end":{"line":30,"column":65}},"line":30},"6":{"name":"(anonymous_6)","decl":{"start":{"line":33,"column":2},"end":{"line":33,"column":3}},"loc":{"start":{"line":33,"column":18},"end":{"line":57,"column":3}},"line":33},"7":{"name":"(anonymous_7)","decl":{"start":{"line":38,"column":33},"end":{"line":38,"column":34}},"loc":{"start":{"line":38,"column":39},"end":{"line":52,"column":5}},"line":38},"8":{"name":"(anonymous_8)","decl":{"start":{"line":44,"column":45},"end":{"line":44,"column":46}},"loc":{"start":{"line":44,"column":51},"end":{"line":46,"column":13}},"line":44}},"branchMap":{"0":{"loc":{"start":{"line":2,"column":14},"end":{"line":2,"column":31}},"type":"default-arg","locations":[{"start":{"line":2,"column":30},"end":{"line":2,"column":31}}],"line":2},"1":{"loc":{"start":{"line":13,"column":4},"end":{"line":16,"column":5}},"type":"if","locations":[{"start":{"line":13,"column":4},"end":{"line":16,"column":5}},{"start":{},"end":{}}],"line":13},"2":{"loc":{"start":{"line":13,"column":8},"end":{"line":13,"column":81}},"type":"binary-expr","locations":[{"start":{"line":13,"column":8},"end":{"line":13,"column":24}},{"start":{"line":13,"column":28},"end":{"line":13,"column":81}}],"line":13},"3":{"loc":{"start":{"line":25,"column":4},"end":{"line":28,"column":5}},"type":"if","locations":[{"start":{"line":25,"column":4},"end":{"line":28,"column":5}},{"start":{},"end":{}}],"line":25},"4":{"loc":{"start":{"line":34,"column":11},"end":{"line":34,"column":75}},"type":"binary-expr","locations":[{"start":{"line":34,"column":11},"end":{"line":34,"column":48}},{"start":{"line":34,"column":52},"end":{"line":34,"column":75}}],"line":34},"5":{"loc":{"start":{"line":43,"column":8},"end":{"line":48,"column":9}},"type":"if","locations":[{"start":{"line":43,"column":8},"end":{"line":48,"column":9}},{"start":{},"end":{}}],"line":43}},"s":{"0":4,"1":4,"2":4,"3":4,"4":4,"5":14,"6":14,"7":1,"8":1,"9":1,"10":13,"11":13,"12":0,"13":13,"14":1,"15":1,"16":1,"17":1,"18":1,"19":0,"20":26,"21":14,"22":14,"23":14,"24":14,"25":13,"26":13,"27":13,"28":7,"29":6,"30":7,"31":13,"32":13,"33":14,"34":14,"35":1},"f":{"0":4,"1":14,"2":1,"3":0,"4":1,"5":0,"6":26,"7":14,"8":6},"b":{"0":[0],"1":[1,13],"2":[14,1],"3":[1,0],"4":[40,36],"5":[7,6]},"_coverageSchema":"1a1c01bbd47fc00a2c39e90264f33305004495a9","hash":"5279c37c32ac9ac63979b6b4c40957f5a88556e6"}
}
