TN:
SF:core\scheduler\IntentScheduler.js
FN:2,(anonymous_0)
FN:10,(anonymous_1)
FN:13,(anonymous_2)
FN:19,(anonymous_3)
FN:23,(anonymous_4)
FN:30,(anonymous_5)
FN:33,(anonymous_6)
FN:38,(anonymous_7)
FN:44,(anonymous_8)
FNF:9
FNH:7
FNDA:4,(anonymous_0)
FNDA:14,(anonymous_1)
FNDA:1,(anonymous_2)
FNDA:0,(anonymous_3)
FNDA:1,(anonymous_4)
FNDA:0,(anonymous_5)
FNDA:26,(anonymous_6)
FNDA:14,(anonymous_7)
FNDA:6,(anonymous_8)
DA:3,4
DA:4,4
DA:5,4
DA:6,4
DA:7,4
DA:11,14
DA:13,14
DA:14,1
DA:15,1
DA:18,13
DA:19,13
DA:20,13
DA:24,1
DA:25,1
DA:26,1
DA:27,1
DA:30,1
DA:34,26
DA:35,14
DA:36,14
DA:38,14
DA:39,14
DA:40,13
DA:41,13
DA:43,13
DA:44,7
DA:45,6
DA:47,7
DA:50,13
DA:51,13
DA:54,14
DA:55,14
DA:60,1
LF:33
LH:33
BRDA:2,0,0,0
BRDA:13,1,0,1
BRDA:13,1,1,13
BRDA:13,2,0,14
BRDA:13,2,1,1
BRDA:25,3,0,1
BRDA:25,3,1,0
BRDA:34,4,0,40
BRDA:34,4,1,36
BRDA:43,5,0,7
BRDA:43,5,1,6
BRF:11
BRH:9
end_of_record
